Using pre-set license
Built from '2021.3/staging' branch; Version is '2021.3.13f1 (9e7d58001ecf) revision 10386776'; Using compiler version '192829333'; Build Type 'Release'
OS: 'Windows 11  (10.0.22000) 64bit Professional' Language: 'en' Physical Memory: 16005 MB
BatchMode: 1, IsHumanControllingUs: 0, StartBugReporterOnCrash: 0, Is64bit: 1, IsPro: 1

COMMAND LINE ARGUMENTS:
C:\Program Files\Unity\Hub\Editor\2021.3.13f1\Editor\Unity.exe
-adb2
-batchMode
-noUpm
-name
AssetImportWorker0
-projectPath
D:/Facultate anul 3/IMR (Introducere in realitatea mixta)/IMR_PROJECT_2023/Rick Morty Lab
-logFile
Logs/AssetImportWorker0.log
-srvPort
60518
Successfully changed project path to: D:/Facultate anul 3/IMR (Introducere in realitatea mixta)/IMR_PROJECT_2023/Rick Morty Lab
D:/Facultate anul 3/IMR (Introducere in realitatea mixta)/IMR_PROJECT_2023/Rick Morty Lab
[UnityMemory] Configuration Parameters - Can be set up in boot.config
    "memorysetup-bucket-allocator-granularity=16"
    "memorysetup-bucket-allocator-bucket-count=8"
    "memorysetup-bucket-allocator-block-size=33554432"
    "memorysetup-bucket-allocator-block-count=8"
    "memorysetup-main-allocator-block-size=16777216"
    "memorysetup-thread-allocator-block-size=16777216"
    "memorysetup-gfx-main-allocator-block-size=16777216"
    "memorysetup-gfx-thread-allocator-block-size=16777216"
    "memorysetup-cache-allocator-block-size=4194304"
    "memorysetup-typetree-allocator-block-size=2097152"
    "memorysetup-profiler-bucket-allocator-granularity=16"
    "memorysetup-profiler-bucket-allocator-bucket-count=8"
    "memorysetup-profiler-bucket-allocator-block-size=33554432"
    "memorysetup-profiler-bucket-allocator-block-count=8"
    "memorysetup-profiler-allocator-block-size=16777216"
    "memorysetup-profiler-editor-allocator-block-size=1048576"
    "memorysetup-temp-allocator-size-main=16777216"
    "memorysetup-job-temp-allocator-block-size=2097152"
    "memorysetup-job-temp-allocator-block-size-background=1048576"
    "memorysetup-job-temp-allocator-reduction-small-platforms=262144"
    "memorysetup-temp-allocator-size-background-worker=32768"
    "memorysetup-temp-allocator-size-job-worker=262144"
    "memorysetup-temp-allocator-size-preload-manager=33554432"
    "memorysetup-temp-allocator-size-nav-mesh-worker=65536"
    "memorysetup-temp-allocator-size-audio-worker=65536"
    "memorysetup-temp-allocator-size-cloud-worker=32768"
    "memorysetup-temp-allocator-size-gi-baking-worker=262144"
    "memorysetup-temp-allocator-size-gfx=262144"
Refreshing native plugins compatible for Editor in 63.88 ms, found 3 plugins.
Preloading 0 native plugins for Editor in 0.00 ms.
Initialize engine version: 2021.3.13f1 (9e7d58001ecf)
[Subsystems] Discovering subsystems at path C:/Program Files/Unity/Hub/Editor/2021.3.13f1/Editor/Data/Resources/UnitySubsystems
[Subsystems] Discovering subsystems at path D:/Facultate anul 3/IMR (Introducere in realitatea mixta)/IMR_PROJECT_2023/Rick Morty Lab/Assets
GfxDevice: creating device client; threaded=0; jobified=0
Direct3D:
    Version:  Direct3D 11.0 [level 11.1]
    Renderer: NVIDIA GeForce RTX 3060 Laptop GPU (ID=0x2520)
    Vendor:   NVIDIA
    VRAM:     6009 MB
    Driver:   31.0.15.2698
Initialize mono
Mono path[0] = 'C:/Program Files/Unity/Hub/Editor/2021.3.13f1/Editor/Data/Managed'
Mono path[1] = 'C:/Program Files/Unity/Hub/Editor/2021.3.13f1/Editor/Data/MonoBleedingEdge/lib/mono/unityjit-win32'
Mono config path = 'C:/Program Files/Unity/Hub/Editor/2021.3.13f1/Editor/Data/MonoBleedingEdge/etc'
Using monoOptions --debugger-agent=transport=dt_socket,embedding=1,server=y,suspend=n,address=127.0.0.1:56900
Begin MonoManager ReloadAssembly
Registering precompiled unity dll's ...
Register platform support module: C:/Program Files/Unity/Hub/Editor/2021.3.13f1/Editor/Data/PlaybackEngines/WebGLSupport/UnityEditor.WebGL.Extensions.dll
Register platform support module: C:/Program Files/Unity/Hub/Editor/2021.3.13f1/Editor/Data/PlaybackEngines/WindowsStandaloneSupport/UnityEditor.WindowsStandalone.Extensions.dll
Registered in 0.002724 seconds.
Native extension for WindowsStandalone target not found
Native extension for WebGL target not found
Refreshing native plugins compatible for Editor in 53.82 ms, found 3 plugins.
Preloading 0 native plugins for Editor in 0.00 ms.
Mono: successfully reloaded assembly
- Completed reload, in  0.455 seconds
Domain Reload Profiling:
	ReloadAssembly (455ms)
		BeginReloadAssembly (52ms)
			ExecutionOrderSort (0ms)
			DisableScriptedObjects (0ms)
			BackupInstance (0ms)
			ReleaseScriptingObjects (0ms)
			CreateAndSetChildDomain (1ms)
		EndReloadAssembly (327ms)
			LoadAssemblies (51ms)
			RebuildTransferFunctionScriptingTraits (0ms)
			SetupTypeCache (71ms)
			ReleaseScriptCaches (0ms)
			RebuildScriptCaches (20ms)
			SetupLoadedEditorAssemblies (199ms)
				LogAssemblyErrors (0ms)
				InitializePlatformSupportModulesInManaged (7ms)
				SetLoadedEditorAssemblies (0ms)
				RefreshPlugins (54ms)
				BeforeProcessingInitializeOnLoad (1ms)
				ProcessInitializeOnLoadAttributes (102ms)
				ProcessInitializeOnLoadMethodAttributes (35ms)
				AfterProcessingInitializeOnLoad (0ms)
				EditorAssembliesLoaded (0ms)
			ExecutionOrderSort2 (0ms)
			AwakeInstancesAfterBackupRestoration (0ms)
Platform modules already initialized, skipping
Registering precompiled user dll's ...
Registered in 0.002441 seconds.
Begin MonoManager ReloadAssembly
Symbol file LoadedFromMemory doesn't match image D:\Facultate anul 3\IMR (Introducere in realitatea mixta)\IMR_PROJECT_2023\Rick Morty Lab\Library\PackageCache\com.unity.visualscripting@1.7.8\Editor\VisualScripting.Core\Dependencies\YamlDotNet\Unity.VisualScripting.YamlDotNet.dll
Symbol file LoadedFromMemory doesn't match image D:\Facultate anul 3\IMR (Introducere in realitatea mixta)\IMR_PROJECT_2023\Rick Morty Lab\Library\PackageCache\com.unity.visualscripting@1.7.8\Editor\VisualScripting.Core\Dependencies\DotNetZip\Unity.VisualScripting.IonicZip.dll
Native extension for WindowsStandalone target not found
Native extension for WebGL target not found
Refreshing native plugins compatible for Editor in 0.48 ms, found 3 plugins.
Preloading 0 native plugins for Editor in 0.00 ms.
Mono: successfully reloaded assembly
- Completed reload, in  0.743 seconds
Domain Reload Profiling:
	ReloadAssembly (744ms)
		BeginReloadAssembly (75ms)
			ExecutionOrderSort (0ms)
			DisableScriptedObjects (4ms)
			BackupInstance (0ms)
			ReleaseScriptingObjects (0ms)
			CreateAndSetChildDomain (15ms)
		EndReloadAssembly (591ms)
			LoadAssemblies (57ms)
			RebuildTransferFunctionScriptingTraits (0ms)
			SetupTypeCache (195ms)
			ReleaseScriptCaches (0ms)
			RebuildScriptCaches (42ms)
			SetupLoadedEditorAssemblies (262ms)
				LogAssemblyErrors (0ms)
				InitializePlatformSupportModulesInManaged (4ms)
				SetLoadedEditorAssemblies (0ms)
				RefreshPlugins (1ms)
				BeforeProcessingInitializeOnLoad (65ms)
				ProcessInitializeOnLoadAttributes (169ms)
				ProcessInitializeOnLoadMethodAttributes (19ms)
				AfterProcessingInitializeOnLoad (3ms)
				EditorAssembliesLoaded (0ms)
			ExecutionOrderSort2 (0ms)
			AwakeInstancesAfterBackupRestoration (5ms)
Platform modules already initialized, skipping
========================================================================
Worker process is ready to serve import requests
Launched and connected shader compiler UnityShaderCompiler.exe after 0.03 seconds
Refreshing native plugins compatible for Editor in 0.50 ms, found 3 plugins.
Preloading 0 native plugins for Editor in 0.00 ms.
Unloading 3754 Unused Serialized files (Serialized files now loaded: 0)
Unloading 27 unused Assets / (133.2 KB). Loaded Objects now: 4236.
Memory consumption went from 154.9 MB to 154.7 MB.
Total: 2.605700 ms (FindLiveObjects: 0.203300 ms CreateObjectMapping: 0.098500 ms MarkObjects: 2.185900 ms  DeleteObjects: 0.117000 ms)

AssetImportParameters requested are different than current active one (requested -> active):
  custom:video-decoder-ogg-theora: a1e56fd34408186e4bbccfd4996cb3dc -> 
  custom:container-muxer-webm: aa71ff27fc2769a1b78a27578f13a17b -> 
  custom:container-demuxer-webm: 4f35f7cbe854078d1ac9338744f61a02 -> 
  custom:video-encoder-webm-vp8: eb34c28f22e8b96e1ab97ce403110664 -> 
  custom:audio-encoder-webm-vorbis: bf7c407c2cedff20999df2af8eb42d56 -> 
  custom:framework-win-MediaFoundation: 216162199b28c13a410421893ffa2e32 -> 
  custom:container-demuxer-ogg: 62fdf1f143b41e24485cea50d1cbac27 -> 
  custom:video-decoder-webm-vp8: 9c59270c3fd7afecdb556c50c9e8de78 -> 
  custom:audio-decoder-ogg-vorbis: bf7c407c2cedff20999df2af8eb42d56 -> 
========================================================================
Received Import Request.
  Time since last request: 127768.180397 seconds.
  path: Assets/fbxPanel.fbx
  artifactKey: Guid(a2e7adc8356b425408894bdec4792e49) Importer(815301076,1909f56bfc062723c751e8b465ee728b)
Start importing Assets/fbxPanel.fbx using Guid(a2e7adc8356b425408894bdec4792e49) Importer(815301076,1909f56bfc062723c751e8b465ee728b)  -> (artifact id: '55c5ba1af29fbb78dfb70c14890e5d8c') in 0.183319 seconds 
========================================================================
Received Import Request.
  Time since last request: 122.889890 seconds.
  path: Assets/Generator.fbx
  artifactKey: Guid(21ec4f010aa226f4e999759567aba37c) Importer(815301076,1909f56bfc062723c751e8b465ee728b)
Start importing Assets/Generator.fbx using Guid(21ec4f010aa226f4e999759567aba37c) Importer(815301076,1909f56bfc062723c751e8b465ee728b)  -> (artifact id: '2767999741df5f1de3880614e2058ec8') in 0.187349 seconds 
========================================================================
Received Import Request.
  Time since last request: 365.366730 seconds.
  path: Assets/energy_cube.fbx
  artifactKey: Guid(0f153f67240af0a46abccfdd7aaeff07) Importer(815301076,1909f56bfc062723c751e8b465ee728b)
Start importing Assets/energy_cube.fbx using Guid(0f153f67240af0a46abccfdd7aaeff07) Importer(815301076,1909f56bfc062723c751e8b465ee728b)  -> (artifact id: 'aca10cc55cc35b4593b51161f27252f7') in 0.019223 seconds 
========================================================================
Received Import Request.
  Time since last request: 53.700409 seconds.
  path: Assets/Images/enerjiküp_DefaultMaterial_BaseColor.png
  artifactKey: Guid(99fb5e34cf63b0248b962f863d92ca0b) Importer(815301076,1909f56bfc062723c751e8b465ee728b)
Start importing Assets/Images/enerjiküp_DefaultMaterial_BaseColor.png using Guid(99fb5e34cf63b0248b962f863d92ca0b) Importer(815301076,1909f56bfc062723c751e8b465ee728b)  -> (artifact id: 'cb9bcfd0961b1f80afdbc5e6d710a37d') in 0.023730 seconds 
========================================================================
Received Import Request.
  Time since last request: 17.450463 seconds.
  path: Assets/EnergyCube.mat
  artifactKey: Guid(b4b32947c48b79a4f9e649b8b0eefc64) Importer(815301076,1909f56bfc062723c751e8b465ee728b)
Start importing Assets/EnergyCube.mat using Guid(b4b32947c48b79a4f9e649b8b0eefc64) Importer(815301076,1909f56bfc062723c751e8b465ee728b)  -> (artifact id: 'b332e5edc7bbd274dbf8c9d55f1bee3b') in 0.019525 seconds 
========================================================================
Received Import Request.
  Time since last request: 10.806841 seconds.
  path: Packages/com.unity.probuilder/Content/Icons/Toolbar/Object_GenerateUV2.png
  artifactKey: Guid(b389d16e3ce0e48289e8533dbc39bba8) Importer(815301076,1909f56bfc062723c751e8b465ee728b)
Start importing Packages/com.unity.probuilder/Content/Icons/Toolbar/Object_GenerateUV2.png using Guid(b389d16e3ce0e48289e8533dbc39bba8) Importer(815301076,1909f56bfc062723c751e8b465ee728b)  -> (artifact id: '03789883a0d43640961945ddfbc1b967') in 0.019236 seconds 
========================================================================
Received Import Request.
  Time since last request: 198.196960 seconds.
  path: Assets/JarTest.fbx
  artifactKey: Guid(fdfd482d6454d48468aaca14ed1734b4) Importer(815301076,1909f56bfc062723c751e8b465ee728b)
Start importing Assets/JarTest.fbx using Guid(fdfd482d6454d48468aaca14ed1734b4) Importer(815301076,1909f56bfc062723c751e8b465ee728b)  -> (artifact id: 'a45906ca554ea542854fe879cbe7df49') in 0.112259 seconds 
========================================================================
Received Import Request.
  Time since last request: 240.649932 seconds.
  path: Assets/EnergyCube.mat
  artifactKey: Guid(b4b32947c48b79a4f9e649b8b0eefc64) Importer(815301076,1909f56bfc062723c751e8b465ee728b)
Start importing Assets/EnergyCube.mat using Guid(b4b32947c48b79a4f9e649b8b0eefc64) Importer(815301076,1909f56bfc062723c751e8b465ee728b)  -> (artifact id: '17df0e32886885ec4b0cb222c0f85a2c') in 0.015251 seconds 
========================================================================
Received Import Request.
  Time since last request: 1147.277417 seconds.
  path: Assets/model.fbx
  artifactKey: Guid(f7056bd26c9e42240a40f8f69d57d1cc) Importer(815301076,1909f56bfc062723c751e8b465ee728b)
Start importing Assets/model.fbx using Guid(f7056bd26c9e42240a40f8f69d57d1cc) Importer(815301076,1909f56bfc062723c751e8b465ee728b)  -> (artifact id: 'a5c916876805697ac13aaf25ce77137a') in 0.100748 seconds 
========================================================================
Received Import Request.
  Time since last request: 12.507799 seconds.
  path: Assets/Images/Material_albedo.jpg
  artifactKey: Guid(95133d070fbfe5343a7a500cbaa27fd2) Importer(815301076,1909f56bfc062723c751e8b465ee728b)
Start importing Assets/Images/Material_albedo.jpg using Guid(95133d070fbfe5343a7a500cbaa27fd2) Importer(815301076,1909f56bfc062723c751e8b465ee728b)  -> (artifact id: '08d29712eac711ddf638f96b8a36ed87') in 0.014767 seconds 
========================================================================
Received Import Request.
  Time since last request: 11.925177 seconds.
  path: Assets/Images/Robot.mat
  artifactKey: Guid(22a453947c63e584fa3120364a9b0986) Importer(815301076,1909f56bfc062723c751e8b465ee728b)
Start importing Assets/Images/Robot.mat using Guid(22a453947c63e584fa3120364a9b0986) Importer(815301076,1909f56bfc062723c751e8b465ee728b)  -> (artifact id: '32201c5ca179b7bfafdffd3042ae99fa') in 0.010496 seconds 
========================================================================
Received Import Request.
  Time since last request: 252.934573 seconds.
  path: Assets/potions.fbx
  artifactKey: Guid(fc59d334f2d796c4dbe4879184a9ad8e) Importer(815301076,1909f56bfc062723c751e8b465ee728b)
Start importing Assets/potions.fbx using Guid(fc59d334f2d796c4dbe4879184a9ad8e) Importer(815301076,1909f56bfc062723c751e8b465ee728b)  -> (artifact id: 'aa5147766d675a1ee75393dcc3b757fd') in 0.175346 seconds 
========================================================================
Received Import Request.
  Time since last request: 352.785467 seconds.
  path: Assets/potions_1.fbx
  artifactKey: Guid(695d8e38e0fa39142afef679350e816a) Importer(815301076,1909f56bfc062723c751e8b465ee728b)
Start importing Assets/potions_1.fbx using Guid(695d8e38e0fa39142afef679350e816a) Importer(815301076,1909f56bfc062723c751e8b465ee728b)  -> (artifact id: 'd6d1ceca72a641ece80983b4d9d77d13') in 0.128331 seconds 
========================================================================
Received Import Request.
  Time since last request: 125.195363 seconds.
  path: Assets/glass_1.mat
  artifactKey: Guid(285010ba146c91d4abf8a962694dcb2d) Importer(815301076,1909f56bfc062723c751e8b465ee728b)
Start importing Assets/glass_1.mat using Guid(285010ba146c91d4abf8a962694dcb2d) Importer(815301076,1909f56bfc062723c751e8b465ee728b)  -> (artifact id: '567811f48f7decf215e11193777bfdd3') in 0.010214 seconds 
========================================================================
Received Import Request.
  Time since last request: 803.478073 seconds.
  path: Assets/glass_1.mat
  artifactKey: Guid(285010ba146c91d4abf8a962694dcb2d) Importer(815301076,1909f56bfc062723c751e8b465ee728b)
Start importing Assets/glass_1.mat using Guid(285010ba146c91d4abf8a962694dcb2d) Importer(815301076,1909f56bfc062723c751e8b465ee728b)  -> (artifact id: '7d969b13720ac775dc268096004000ed') in 0.011446 seconds 
========================================================================
Received Import Request.
  Time since last request: 43.849592 seconds.
  path: Assets/model 1.fbx
  artifactKey: Guid(37bf2a078f409f84ab290a1fc8e6702c) Importer(815301076,1909f56bfc062723c751e8b465ee728b)
Start importing Assets/model 1.fbx using Guid(37bf2a078f409f84ab290a1fc8e6702c) Importer(815301076,1909f56bfc062723c751e8b465ee728b)  -> (artifact id: '32cf888ff583e14ab7f49b203cf4a11f') in 0.027099 seconds 
========================================================================
Received Import Request.
  Time since last request: 274.170404 seconds.
  path: Assets/Images/Robot.mat
  artifactKey: Guid(22a453947c63e584fa3120364a9b0986) Importer(815301076,1909f56bfc062723c751e8b465ee728b)
Start importing Assets/Images/Robot.mat using Guid(22a453947c63e584fa3120364a9b0986) Importer(815301076,1909f56bfc062723c751e8b465ee728b)  -> (artifact id: '66ff82e62a7652f61bef51861f2877b0') in 0.012117 seconds 
========================================================================
Received Prepare
Registering precompiled user dll's ...
Registered in 0.002235 seconds.
Begin MonoManager ReloadAssembly
Symbol file LoadedFromMemory doesn't match image D:\Facultate anul 3\IMR (Introducere in realitatea mixta)\IMR_PROJECT_2023\Rick Morty Lab\Library\PackageCache\com.unity.visualscripting@1.7.8\Editor\VisualScripting.Core\Dependencies\YamlDotNet\Unity.VisualScripting.YamlDotNet.dll
Symbol file LoadedFromMemory doesn't match image D:\Facultate anul 3\IMR (Introducere in realitatea mixta)\IMR_PROJECT_2023\Rick Morty Lab\Library\PackageCache\com.unity.visualscripting@1.7.8\Editor\VisualScripting.Core\Dependencies\DotNetZip\Unity.VisualScripting.IonicZip.dll
Native extension for WindowsStandalone target not found
Native extension for WebGL target not found
Refreshing native plugins compatible for Editor in 0.63 ms, found 3 plugins.
Preloading 0 native plugins for Editor in 0.00 ms.
Mono: successfully reloaded assembly
- Completed reload, in  0.849 seconds
Domain Reload Profiling:
	ReloadAssembly (850ms)
		BeginReloadAssembly (210ms)
			ExecutionOrderSort (0ms)
			DisableScriptedObjects (8ms)
			BackupInstance (0ms)
			ReleaseScriptingObjects (0ms)
			CreateAndSetChildDomain (96ms)
		EndReloadAssembly (573ms)
			LoadAssemblies (71ms)
			RebuildTransferFunctionScriptingTraits (0ms)
			SetupTypeCache (203ms)
			ReleaseScriptCaches (1ms)
			RebuildScriptCaches (32ms)
			SetupLoadedEditorAssemblies (253ms)
				LogAssemblyErrors (0ms)
				InitializePlatformSupportModulesInManaged (10ms)
				SetLoadedEditorAssemblies (1ms)
				RefreshPlugins (1ms)
				BeforeProcessingInitializeOnLoad (49ms)
				ProcessInitializeOnLoadAttributes (168ms)
				ProcessInitializeOnLoadMethodAttributes (21ms)
				AfterProcessingInitializeOnLoad (4ms)
				EditorAssembliesLoaded (0ms)
			ExecutionOrderSort2 (0ms)
			AwakeInstancesAfterBackupRestoration (5ms)
Platform modules already initialized, skipping
Refreshing native plugins compatible for Editor in 1.08 ms, found 3 plugins.
Preloading 0 native plugins for Editor in 0.00 ms.
Unloading 3730 Unused Serialized files (Serialized files now loaded: 0)
Unloading 21 unused Assets / (126.9 KB). Loaded Objects now: 4287.
Memory consumption went from 157.7 MB to 157.6 MB.
Total: 3.108200 ms (FindLiveObjects: 0.183800 ms CreateObjectMapping: 0.093400 ms MarkObjects: 2.716200 ms  DeleteObjects: 0.113900 ms)

AssetImportParameters requested are different than current active one (requested -> active):
  custom:video-decoder-ogg-theora: a1e56fd34408186e4bbccfd4996cb3dc -> 
  custom:container-muxer-webm: aa71ff27fc2769a1b78a27578f13a17b -> 
  custom:container-demuxer-webm: 4f35f7cbe854078d1ac9338744f61a02 -> 
  custom:video-encoder-webm-vp8: eb34c28f22e8b96e1ab97ce403110664 -> 
  custom:audio-encoder-webm-vorbis: bf7c407c2cedff20999df2af8eb42d56 -> 
  custom:framework-win-MediaFoundation: 216162199b28c13a410421893ffa2e32 -> 
  custom:container-demuxer-ogg: 62fdf1f143b41e24485cea50d1cbac27 -> 
  custom:video-decoder-webm-vp8: 9c59270c3fd7afecdb556c50c9e8de78 -> 
  custom:audio-decoder-ogg-vorbis: bf7c407c2cedff20999df2af8eb42d56 -> 
========================================================================
Received Import Request.
  Time since last request: 315.706240 seconds.
  path: Assets/SciFi_Door/SF_Door.fbx
  artifactKey: Guid(65fb86f734ce568408b3eaad4fca1b60) Importer(815301076,1909f56bfc062723c751e8b465ee728b)
Start importing Assets/SciFi_Door/SF_Door.fbx using Guid(65fb86f734ce568408b3eaad4fca1b60) Importer(815301076,1909f56bfc062723c751e8b465ee728b)  -> (artifact id: '248b54ab51f8da9b8f1c383029d18e76') in 0.170479 seconds 
========================================================================
Received Import Request.
  Time since last request: 258.342232 seconds.
  path: Assets/SciFi_Door/Materials/No Name.mat
  artifactKey: Guid(0126904ac62544a44bc2edd9f011d82a) Importer(815301076,1909f56bfc062723c751e8b465ee728b)
Start importing Assets/SciFi_Door/Materials/No Name.mat using Guid(0126904ac62544a44bc2edd9f011d82a) Importer(815301076,1909f56bfc062723c751e8b465ee728b)  -> (artifact id: 'b138c88cb89b66debc444c53ee17889f') in 0.018520 seconds 
========================================================================
Received Prepare
Registering precompiled user dll's ...
Registered in 0.001986 seconds.
Begin MonoManager ReloadAssembly
Symbol file LoadedFromMemory doesn't match image D:\Facultate anul 3\IMR (Introducere in realitatea mixta)\IMR_PROJECT_2023\Rick Morty Lab\Library\PackageCache\com.unity.visualscripting@1.7.8\Editor\VisualScripting.Core\Dependencies\YamlDotNet\Unity.VisualScripting.YamlDotNet.dll
Symbol file LoadedFromMemory doesn't match image D:\Facultate anul 3\IMR (Introducere in realitatea mixta)\IMR_PROJECT_2023\Rick Morty Lab\Library\PackageCache\com.unity.visualscripting@1.7.8\Editor\VisualScripting.Core\Dependencies\DotNetZip\Unity.VisualScripting.IonicZip.dll
Native extension for WindowsStandalone target not found
Native extension for WebGL target not found
Refreshing native plugins compatible for Editor in 0.48 ms, found 3 plugins.
Preloading 0 native plugins for Editor in 0.00 ms.
Mono: successfully reloaded assembly
- Completed reload, in  0.784 seconds
Domain Reload Profiling:
	ReloadAssembly (784ms)
		BeginReloadAssembly (102ms)
			ExecutionOrderSort (0ms)
			DisableScriptedObjects (3ms)
			BackupInstance (0ms)
			ReleaseScriptingObjects (0ms)
			CreateAndSetChildDomain (30ms)
		EndReloadAssembly (606ms)
			LoadAssemblies (64ms)
			RebuildTransferFunctionScriptingTraits (0ms)
			SetupTypeCache (207ms)
			ReleaseScriptCaches (1ms)
			RebuildScriptCaches (40ms)
			SetupLoadedEditorAssemblies (256ms)
				LogAssemblyErrors (0ms)
				InitializePlatformSupportModulesInManaged (10ms)
				SetLoadedEditorAssemblies (0ms)
				RefreshPlugins (1ms)
				BeforeProcessingInitializeOnLoad (50ms)
				ProcessInitializeOnLoadAttributes (170ms)
				ProcessInitializeOnLoadMethodAttributes (21ms)
				AfterProcessingInitializeOnLoad (4ms)
				EditorAssembliesLoaded (0ms)
			ExecutionOrderSort2 (0ms)
			AwakeInstancesAfterBackupRestoration (6ms)
Platform modules already initialized, skipping
Refreshing native plugins compatible for Editor in 1.12 ms, found 3 plugins.
Preloading 0 native plugins for Editor in 0.00 ms.
Unloading 3730 Unused Serialized files (Serialized files now loaded: 0)
Unloading 21 unused Assets / (127.0 KB). Loaded Objects now: 4291.
Memory consumption went from 158.5 MB to 158.3 MB.
Total: 2.588800 ms (FindLiveObjects: 0.205000 ms CreateObjectMapping: 0.104000 ms MarkObjects: 2.164500 ms  DeleteObjects: 0.114400 ms)

AssetImportParameters requested are different than current active one (requested -> active):
  custom:video-decoder-ogg-theora: a1e56fd34408186e4bbccfd4996cb3dc -> 
  custom:container-muxer-webm: aa71ff27fc2769a1b78a27578f13a17b -> 
  custom:container-demuxer-webm: 4f35f7cbe854078d1ac9338744f61a02 -> 
  custom:video-encoder-webm-vp8: eb34c28f22e8b96e1ab97ce403110664 -> 
  custom:audio-encoder-webm-vorbis: bf7c407c2cedff20999df2af8eb42d56 -> 
  custom:framework-win-MediaFoundation: 216162199b28c13a410421893ffa2e32 -> 
  custom:container-demuxer-ogg: 62fdf1f143b41e24485cea50d1cbac27 -> 
  custom:video-decoder-webm-vp8: 9c59270c3fd7afecdb556c50c9e8de78 -> 
  custom:audio-decoder-ogg-vorbis: bf7c407c2cedff20999df2af8eb42d56 -> 
========================================================================
Received Import Request.
  Time since last request: 586.757891 seconds.
  path: Assets/cable.fbx
  artifactKey: Guid(e5f4fd8fe4468cc408e3df6bc7a61beb) Importer(815301076,1909f56bfc062723c751e8b465ee728b)
Start importing Assets/cable.fbx using Guid(e5f4fd8fe4468cc408e3df6bc7a61beb) Importer(815301076,1909f56bfc062723c751e8b465ee728b)  -> (artifact id: 'f0d5ac53feedc77e2dc1158cdb5109c6') in 0.105867 seconds 
